{"ts":1771865400662,"action":"PROJECT_OPENED","tags":{"PROJECT_NAME":"backend"}}
{"ts":1771865405516,"action":"IDE_ACTIVATED"}
{"ts":1771865411653,"action":"IDE_DEACTIVATED"}
{"ts":1771865417487,"action":"IDE_ACTIVATED"}
{"ts":1771865420521,"action":"FILE_OPENED","file":"/pom.xml","tags":{"FILE_LINE_OF_CODE":"94"}}
{"ts":1771865424636,"action":"IDE_DEACTIVATED"}
{"ts":1771865449056,"action":"IDE_ACTIVATED"}
{"ts":1771865449408,"action":"IDE_DEACTIVATED"}
{"ts":1771865506866,"action":"IDE_ACTIVATED"}
{"ts":1771865508019,"action":"IDE_DEACTIVATED"}
{"ts":1771865514208,"action":"IDE_ACTIVATED"}
{"ts":1771865515519,"action":"IDE_DEACTIVATED"}
{"ts":1771865520445,"action":"IDE_ACTIVATED"}
{"ts":1771865520780,"action":"IDE_DEACTIVATED"}
{"ts":1771865521306,"action":"IDE_ACTIVATED"}
{"ts":1771865521636,"action":"IDE_DEACTIVATED"}
{"ts":1771865524217,"action":"IDE_ACTIVATED"}
{"ts":1771865525568,"action":"IDE_DEACTIVATED"}
{"ts":1771865526680,"action":"IDE_ACTIVATED"}
{"ts":1771865526872,"action":"IDE_DEACTIVATED"}
{"ts":1771865528105,"action":"IDE_ACTIVATED"}
{"ts":1771865529632,"action":"IDE_DEACTIVATED"}
{"ts":1771865535372,"action":"IDE_ACTIVATED"}
{"ts":1771865539874,"action":"IDE_DEACTIVATED"}
{"ts":1771865550996,"action":"IDE_ACTIVATED"}
{"ts":1771865558918,"action":"IDE_DEACTIVATED"}
{"ts":1771865569031,"action":"IDE_ACTIVATED"}
{"ts":1771865573894,"action":"FILE_CLOSED","file":"/pom.xml","tags":{"FILE_LINE_OF_CODE":"94"}}
{"ts":1771865573894,"action":"FILE_OPENED","file":"/src/main/resources/application.yml","tags":{"FILE_LINE_OF_CODE":"42"}}
{"ts":1771865576060,"action":"FILE_CLOSED","file":"/src/main/resources/application.yml","tags":{"FILE_LINE_OF_CODE":"42"}}
{"ts":1771865576060,"action":"FILE_OPENED","file":"/src/main/java/com/historyai/HistoryAiApplication.java","tags":{"FILE_LINE_OF_CODE":"13"}}
{"ts":1771865577965,"action":"IDE_DEACTIVATED"}
{"ts":1771865612697,"action":"IDE_ACTIVATED"}
{"ts":1771865613218,"action":"IDE_DEACTIVATED"}
{"ts":1771965302551,"action":"PROJECT_OPENED","tags":{"PROJECT_NAME":"backend"}}
{"ts":1771965322908,"action":"IDE_ACTIVATED"}
{"ts":1771965326036,"action":"IDE_DEACTIVATED"}
{"ts":1771965339710,"action":"IDE_ACTIVATED"}
{"ts":1771965339896,"action":"IDE_DEACTIVATED"}
{"ts":1771965340415,"action":"IDE_ACTIVATED"}
{"ts":1771965344922,"action":"FILE_OPENED","file":"/src/test/java/com/historyai/service/CharacterServiceTest.java","tags":{"FILE_LINE_OF_CODE":"150"}}
{"ts":1771965347653,"action":"FILE_CLOSED","file":"/src/test/java/com/historyai/service/CharacterServiceTest.java","tags":{"FILE_LINE_OF_CODE":"150"}}
{"ts":1771965347653,"action":"FILE_OPENED","file":"/src/main/resources/db/migration/V1__initial_schema.sql","tags":{"FILE_LINE_OF_CODE":"44"}}
{"ts":1771965353852,"action":"IDE_DEACTIVATED"}
{"ts":1771965354114,"action":"IDE_ACTIVATED"}
{"ts":1771965355047,"action":"IDE_DEACTIVATED"}
{"ts":1771965355664,"action":"IDE_ACTIVATED"}
{"ts":1771965360427,"action":"FILE_CLOSED","file":"/src/main/resources/db/migration/V1__initial_schema.sql","tags":{"FILE_LINE_OF_CODE":"44"}}
{"ts":1771965360427,"action":"FILE_OPENED","file":"/src/main/java/com/historyai/HistoryAiApplication.java","tags":{"FILE_LINE_OF_CODE":"15"}}
{"ts":1771965365878,"action":"FILE_CLOSED","file":"/src/main/java/com/historyai/HistoryAiApplication.java","tags":{"FILE_LINE_OF_CODE":"15"}}
{"ts":1771965369394,"action":"FILE_OPENED","file":"/src/main/java/com/historyai/HistoryAiApplication.java","tags":{"FILE_LINE_OF_CODE":"15"}}
{"ts":1771965376601,"action":"FILE_CLOSED","file":"/src/main/java/com/historyai/HistoryAiApplication.java","tags":{"FILE_LINE_OF_CODE":"15"}}
{"ts":1771965378688,"action":"FILE_OPENED","file":"/src/main/java/com/historyai/HistoryAiApplication.java","tags":{"FILE_LINE_OF_CODE":"15"}}
{"ts":1771965390203,"action":"IDE_DEACTIVATED"}
{"ts":1771965390744,"action":"IDE_ACTIVATED"}
{"ts":1771965398309,"action":"IDE_DEACTIVATED"}
{"ts":1771965398883,"action":"IDE_ACTIVATED"}
{"ts":1771965401034,"action":"FILE_CLOSED","file":"/src/main/java/com/historyai/HistoryAiApplication.java","tags":{"FILE_LINE_OF_CODE":"15"}}
{"ts":1771965401034,"action":"FILE_OPENED","file":"/src/main/java/com/historyai/service/CharacterService.java","tags":{"FILE_LINE_OF_CODE":"93"}}
{"ts":1771965445827,"action":"FILE_CLOSED","file":"/src/main/java/com/historyai/service/CharacterService.java","tags":{"FILE_LINE_OF_CODE":"93"}}
{"ts":1771965447420,"action":"FILE_OPENED","file":"/src/main/java/com/historyai/service/CharacterService.java","tags":{"FILE_LINE_OF_CODE":"93"}}
{"ts":1771965451527,"action":"FILE_CLOSED","file":"/src/main/java/com/historyai/service/CharacterService.java","tags":{"FILE_LINE_OF_CODE":"93"}}
{"ts":1771965452992,"action":"FILE_OPENED","file":"/src/main/java/com/historyai/service/CharacterService.java","tags":{"FILE_LINE_OF_CODE":"93"}}
{"ts":1771965463405,"action":"FILE_CLOSED","file":"/src/main/java/com/historyai/service/CharacterService.java","tags":{"FILE_LINE_OF_CODE":"93"}}
{"ts":1771965463405,"action":"FILE_OPENED","file":"/src/main/java/com/historyai/dto/HistoricalCharacterDTO.java","tags":{"FILE_LINE_OF_CODE":"129"}}
{"ts":1771965469270,"action":"FILE_CLOSED","file":"/src/main/java/com/historyai/dto/HistoricalCharacterDTO.java","tags":{"FILE_LINE_OF_CODE":"129"}}
{"ts":1771965469270,"action":"FILE_OPENED","file":"/src/main/java/com/historyai/service/CharacterService.java","tags":{"FILE_LINE_OF_CODE":"93"}}
{"ts":1771965503702,"action":"FILE_CLOSED","file":"/src/main/java/com/historyai/service/CharacterService.java","tags":{"FILE_LINE_OF_CODE":"94"}}
{"ts":1771965503702,"action":"FILE_OPENED","file":"/src/main/java/com/historyai/repository/HistoricalCharacterRepository.java","tags":{"FILE_LINE_OF_CODE":"24"}}
{"ts":1771965513440,"action":"IDE_DEACTIVATED"}
{"ts":1771965513753,"action":"IDE_ACTIVATED"}
{"ts":1771965517827,"action":"FILE_CLOSED","file":"/src/main/java/com/historyai/repository/HistoricalCharacterRepository.java","tags":{"FILE_LINE_OF_CODE":"24"}}
{"ts":1771965517827,"action":"FILE_OPENED","file":"/src/main/java/com/historyai/entity/HistoricalCharacter.java","tags":{"FILE_LINE_OF_CODE":"143"}}
{"ts":1771965523382,"action":"FILE_CLOSED","file":"/src/main/java/com/historyai/entity/HistoricalCharacter.java","tags":{"FILE_LINE_OF_CODE":"143"}}
{"ts":1771965525127,"action":"FILE_OPENED","file":"/src/main/java/com/historyai/entity/HistoricalCharacter.java","tags":{"FILE_LINE_OF_CODE":"143"}}
{"ts":1771965532816,"action":"FILE_CLOSED","file":"/src/main/java/com/historyai/entity/HistoricalCharacter.java","tags":{"FILE_LINE_OF_CODE":"143"}}
{"ts":1771965534438,"action":"FILE_OPENED","file":"/src/main/java/com/historyai/entity/HistoricalCharacter.java","tags":{"FILE_LINE_OF_CODE":"143"}}
{"ts":1771965543816,"action":"FILE_CLOSED","file":"/src/main/java/com/historyai/entity/HistoricalCharacter.java","tags":{"FILE_LINE_OF_CODE":"143"}}
{"ts":1771965543816,"action":"FILE_OPENED","file":"/src/main/java/com/historyai/dto/HistoricalCharacterDTO.java","tags":{"FILE_LINE_OF_CODE":"129"}}
{"ts":1771965568063,"action":"FILE_CLOSED","file":"/src/main/java/com/historyai/dto/HistoricalCharacterDTO.java","tags":{"FILE_LINE_OF_CODE":"129"}}
{"ts":1771965568063,"action":"FILE_OPENED","file":"/src/main/java/com/historyai/controller/CharacterController.java","tags":{"FILE_LINE_OF_CODE":"84"}}
{"ts":1771965579667,"action":"IDE_DEACTIVATED"}
{"ts":1771965581183,"action":"IDE_ACTIVATED"}
{"ts":1771965582713,"action":"IDE_DEACTIVATED"}
{"ts":1771965583290,"action":"IDE_ACTIVATED"}
{"ts":1771965607658,"action":"FILE_CLOSED","file":"/src/main/java/com/historyai/controller/CharacterController.java","tags":{"FILE_LINE_OF_CODE":"84"}}
{"ts":1771965607658,"action":"FILE_OPENED","file":"/src/main/java/com/historyai/service/CharacterService.java","tags":{"FILE_LINE_OF_CODE":"94"}}
{"ts":1771965637457,"action":"FILE_CLOSED","file":"/src/main/java/com/historyai/service/CharacterService.java","tags":{"FILE_LINE_OF_CODE":"91"}}
{"ts":1771965638522,"action":"FILE_OPENED","file":"/src/main/java/com/historyai/service/CharacterService.java","tags":{"FILE_LINE_OF_CODE":"91"}}
{"ts":1771965641820,"action":"FILE_CLOSED","file":"/src/main/java/com/historyai/service/CharacterService.java","tags":{"FILE_LINE_OF_CODE":"91"}}
{"ts":1771965641820,"action":"FILE_OPENED","file":"/src/main/java/com/historyai/repository/HistoricalCharacterRepository.java","tags":{"FILE_LINE_OF_CODE":"24"}}
{"ts":1771965643910,"action":"FILE_CLOSED","file":"/src/main/java/com/historyai/repository/HistoricalCharacterRepository.java","tags":{"FILE_LINE_OF_CODE":"24"}}
{"ts":1771965643910,"action":"FILE_OPENED","file":"/src/main/java/com/historyai/dto/HistoricalCharacterDTO.java","tags":{"FILE_LINE_OF_CODE":"129"}}
{"ts":1771965647293,"action":"IDE_DEACTIVATED"}
{"ts":1771965903104,"action":"IDE_ACTIVATED"}
{"ts":1771965905693,"action":"IDE_DEACTIVATED"}
{"ts":1771965917509,"action":"IDE_ACTIVATED"}
{"ts":1771965918123,"action":"IDE_DEACTIVATED"}
{"ts":1771965937177,"action":"IDE_ACTIVATED"}
{"ts":1771965938846,"action":"IDE_DEACTIVATED"}
{"ts":1771965939589,"action":"IDE_ACTIVATED"}
{"ts":1771965940163,"action":"IDE_DEACTIVATED"}
{"ts":1771965940869,"action":"IDE_ACTIVATED"}
{"ts":1771965941901,"action":"IDE_DEACTIVATED"}
{"ts":1771965945195,"action":"IDE_ACTIVATED"}
{"ts":1771965947407,"action":"FILE_CLOSED","file":"/src/main/java/com/historyai/dto/HistoricalCharacterDTO.java","tags":{"FILE_LINE_OF_CODE":"129"}}
{"ts":1771965947407,"action":"FILE_OPENED","file":"/pom.xml","tags":{"FILE_LINE_OF_CODE":"120"}}
{"ts":1771965955750,"action":"IDE_DEACTIVATED"}
{"ts":1771965956966,"action":"IDE_ACTIVATED"}
{"ts":1771965964290,"action":"IDE_DEACTIVATED"}
{"ts":1771966008420,"action":"IDE_ACTIVATED"}
{"ts":1771966008874,"action":"IDE_DEACTIVATED"}
{"ts":1771966009191,"action":"IDE_ACTIVATED"}
{"ts":1771966010723,"action":"IDE_DEACTIVATED"}
{"ts":1771966036881,"action":"IDE_ACTIVATED"}
{"ts":1771966040804,"action":"IDE_DEACTIVATED"}
{"ts":1771966056908,"action":"IDE_ACTIVATED"}
{"ts":1771966058067,"action":"IDE_DEACTIVATED"}
{"ts":1771966060661,"action":"IDE_ACTIVATED"}
{"ts":1771966063260,"action":"IDE_DEACTIVATED"}
{"ts":1771966072980,"action":"IDE_ACTIVATED"}
{"ts":1771966078649,"action":"IDE_DEACTIVATED"}
{"ts":1771966090458,"action":"IDE_ACTIVATED"}
{"ts":1771966091354,"action":"IDE_DEACTIVATED"}
{"ts":1771966092030,"action":"IDE_ACTIVATED"}
{"ts":1771966094268,"action":"IDE_DEACTIVATED"}
{"ts":1771966100217,"action":"IDE_ACTIVATED"}
{"ts":1771966106409,"action":"FILE_CLOSED","file":"/pom.xml","tags":{"FILE_LINE_OF_CODE":"120"}}
{"ts":1771966109240,"action":"FILE_OPENED","file":"/pom.xml","tags":{"FILE_LINE_OF_CODE":"120"}}
{"ts":1771966109649,"action":"IDE_DEACTIVATED"}
{"ts":1771966110093,"action":"IDE_ACTIVATED"}
{"ts":1771966130016,"action":"IDE_DEACTIVATED"}
{"ts":1771966131442,"action":"IDE_ACTIVATED"}
{"ts":1771966132267,"action":"FILE_CLOSED","file":"/pom.xml","tags":{"FILE_LINE_OF_CODE":"120"}}
{"ts":1771966132267,"action":"FILE_OPENED","file":"/src/main/java/com/historyai/service/CharacterService.java","tags":{"FILE_LINE_OF_CODE":"91"}}
{"ts":1771966135674,"action":"FILE_CLOSED","file":"/src/main/java/com/historyai/service/CharacterService.java","tags":{"FILE_LINE_OF_CODE":"91"}}
{"ts":1771966135674,"action":"FILE_OPENED","file":"/src/main/java/com/historyai/entity/HistoricalCharacter.java","tags":{"FILE_LINE_OF_CODE":"148"}}
{"ts":1771966138313,"action":"IDE_DEACTIVATED"}
{"ts":1771966139515,"action":"IDE_ACTIVATED"}
{"ts":1771966148617,"action":"IDE_DEACTIVATED"}
{"ts":1771966194636,"action":"IDE_ACTIVATED"}
{"ts":1771966196884,"action":"IDE_DEACTIVATED"}
{"ts":1771966199516,"action":"IDE_ACTIVATED"}
{"ts":1771966214863,"action":"IDE_DEACTIVATED"}
{"ts":1771966352881,"action":"IDE_ACTIVATED"}
{"ts":1771966359335,"action":"FILE_CLOSED","file":"/src/main/java/com/historyai/entity/HistoricalCharacter.java","tags":{"FILE_LINE_OF_CODE":"146"}}
{"ts":1771966361750,"action":"FILE_OPENED","file":"/src/main/java/com/historyai/entity/HistoricalCharacter.java","tags":{"FILE_LINE_OF_CODE":"146"}}
{"ts":1771966387162,"action":"IDE_DEACTIVATED"}
{"ts":1771966400092,"action":"IDE_ACTIVATED"}
{"ts":1771966418213,"action":"IDE_DEACTIVATED"}
{"ts":1771966440757,"action":"IDE_ACTIVATED"}
{"ts":1771966442405,"action":"IDE_DEACTIVATED"}
{"ts":1771966617622,"action":"IDE_ACTIVATED"}
{"ts":1771966618529,"action":"IDE_DEACTIVATED"}
{"ts":1771966672247,"action":"IDE_ACTIVATED"}
{"ts":1771966672534,"action":"IDE_DEACTIVATED"}
{"ts":1771966673128,"action":"IDE_ACTIVATED"}
{"ts":1771966674906,"action":"IDE_DEACTIVATED"}
{"ts":1771966675912,"action":"IDE_ACTIVATED"}
{"ts":1771966712282,"action":"IDE_DEACTIVATED"}
{"ts":1771966720177,"action":"IDE_ACTIVATED"}
{"ts":1771966742002,"action":"IDE_DEACTIVATED"}
{"ts":1771966994116,"action":"IDE_ACTIVATED"}
{"ts":1771967015714,"action":"IDE_DEACTIVATED"}
{"ts":1771967333025,"action":"IDE_ACTIVATED"}
{"ts":1771967334431,"action":"IDE_DEACTIVATED"}
{"ts":1771967334679,"action":"IDE_ACTIVATED"}
{"ts":1771967343884,"action":"IDE_DEACTIVATED"}
{"ts":1771967345194,"action":"IDE_ACTIVATED"}
{"ts":1771967371093,"action":"IDE_DEACTIVATED"}
